[2022-01-19 15:45:36,129 INFO root] Taurus CLI Tool v1.15.2
[2022-01-19 15:45:36,131 DEBUG root] Build: 14035 Thu Jan 21 10:28:57 UTC 2021
[2022-01-19 15:45:36,131 DEBUG root] Extended git info:  067490eb Release 1.15.2
[2022-01-19 15:45:36,132 DEBUG root] Command-line options: {'log': 'C:\\Users\\ALFONS~1.CIC\\AppData\\Local\\Temp\\bzt_1zno05ky.log', 'option': None, 'quiet': None, 'verbose': None, 'no_system_configs': None, 'aliases': []}
[2022-01-19 15:45:36,132 DEBUG root] Python: CPython 3.10.1
[2022-01-19 15:45:36,132 DEBUG root] OS: uname_result(system='Windows', node='NAPGLUXKJAFCWYK', release='10', version='10.0.19042', machine='AMD64')
[2022-01-19 15:45:36,133 DEBUG root] Path to interpreter: c:\users\alfonso.de.cicco\pycharmprojects\appiumsandbox\venv\scripts\python.exe
[2022-01-19 15:45:36,133 DEBUG root] Path to packages: ['C:\\Users\\alfonso.de.cicco\\PycharmProjects\\AppiumSandbox\\venv\\Scripts\\bzt.exe', 'C:\\Users\\alfonso.de.cicco\\AppData\\Local\\Programs\\Python\\Python310\\python310.zip', 'C:\\Users\\alfonso.de.cicco\\AppData\\Local\\Programs\\Python\\Python310\\DLLs', 'C:\\Users\\alfonso.de.cicco\\AppData\\Local\\Programs\\Python\\Python310\\lib', 'C:\\Users\\alfonso.de.cicco\\AppData\\Local\\Programs\\Python\\Python310', 'c:\\users\\alfonso.de.cicco\\pycharmprojects\\appiumsandbox\\venv', 'c:\\users\\alfonso.de.cicco\\pycharmprojects\\appiumsandbox\\venv\\lib\\site-packages']
[2022-01-19 15:45:36,135 DEBUG root] Default python: C:\Users\alfonso.de.cicco\PycharmProjects\AppiumSandbox\venv\Scripts\python.EXE
[2022-01-19 15:45:36,155 DEBUG root] Default python3: C:\Users\alfonso.de.cicco\AppData\Local\Microsoft\WindowsApps\python3.EXE
[2022-01-19 15:45:36,156 INFO root] Starting with configs: ['TaurusPythonTest.yml']
[2022-01-19 15:45:36,156 DEBUG root] Using personal config: C:\Users\alfonso.de.cicco\.bzt-rc
[2022-01-19 15:45:36,156 INFO Engine] Configuring...
[2022-01-19 15:45:36,250 DEBUG Engine] Base configs list: ['c:\\users\\alfonso.de.cicco\\pycharmprojects\\appiumsandbox\\venv\\lib\\site-packages\\bzt\\resources/10-base-config.yml']
[2022-01-19 15:45:36,250 DEBUG Engine.Configuration] Configs: ['c:\\users\\alfonso.de.cicco\\pycharmprojects\\appiumsandbox\\venv\\lib\\site-packages\\bzt\\resources/10-base-config.yml']
[2022-01-19 15:45:36,251 DEBUG Engine.Configuration] Reading c:\users\alfonso.de.cicco\pycharmprojects\appiumsandbox\venv\lib\site-packages\bzt\resources/10-base-config.yml as YAML
[2022-01-19 15:45:36,269 DEBUG Engine] User configs list: ['C:\\Users\\alfonso.de.cicco\\.bzt-rc', 'TaurusPythonTest.yml']
[2022-01-19 15:45:36,269 DEBUG Engine.Configuration] Configs: ['C:\\Users\\alfonso.de.cicco\\.bzt-rc', 'TaurusPythonTest.yml']
[2022-01-19 15:45:36,270 DEBUG Engine.Configuration] Reading C:\Users\alfonso.de.cicco\.bzt-rc as YAML
[2022-01-19 15:45:36,276 DEBUG Engine.Configuration] Reading TaurusPythonTest.yml as YAML
[2022-01-19 15:45:36,277 DEBUG Engine.Configuration] Configs: ['C:\\Users\\alfonso.de.cicco\\.bzt-rc', 'TaurusPythonTest.yml']
[2022-01-19 15:45:36,277 DEBUG Engine.Configuration] Reading C:\Users\alfonso.de.cicco\.bzt-rc as YAML
[2022-01-19 15:45:36,280 DEBUG Engine.Configuration] Reading TaurusPythonTest.yml as YAML
[2022-01-19 15:45:36,282 DEBUG Engine] Requesting updates info: https://gettaurus.org/updates/?version=1.15.2&installID=windows-48a4720946f5
[2022-01-19 15:45:36,283 DEBUG HTTPClient] Making HTTP request GET https://gettaurus.org/updates/?version=1.15.2&installID=windows-48a4720946f5
[2022-01-19 15:45:36,283 INFO Engine] Artifacts dir: C:\Users\alfonso.de.cicco\PycharmProjects\AppiumSandbox\Test\Taurus\2022-01-19_15-45-36.282543
[2022-01-19 15:45:36,284 DEBUG Engine] New artifact filename: C:\Users\alfonso.de.cicco\PycharmProjects\AppiumSandbox\Test\Taurus\2022-01-19_15-45-36.282543\effective
[2022-01-19 15:45:36,287 DEBUG Engine.Configuration] Dumping YAML config into C:\Users\alfonso.de.cicco\PycharmProjects\AppiumSandbox\Test\Taurus\2022-01-19_15-45-36.282543\effective.yml
[2022-01-19 15:45:36,305 DEBUG urllib3.connectionpool] Starting new HTTPS connection (1): gettaurus.org:443
[2022-01-19 15:45:36,307 DEBUG Engine.Configuration] Dumping JSON config into C:\Users\alfonso.de.cicco\PycharmProjects\AppiumSandbox\Test\Taurus\2022-01-19_15-45-36.282543\effective.json
[2022-01-19 15:45:36,308 DEBUG Engine] New artifact filename: C:\Users\alfonso.de.cicco\PycharmProjects\AppiumSandbox\Test\Taurus\2022-01-19_15-45-36.282543\merged.yml
[2022-01-19 15:45:36,309 DEBUG Engine.Configuration] Dumping YAML config into C:\Users\alfonso.de.cicco\PycharmProjects\AppiumSandbox\Test\Taurus\2022-01-19_15-45-36.282543\merged.yml
[2022-01-19 15:45:36,311 DEBUG Engine] New artifact filename: C:\Users\alfonso.de.cicco\PycharmProjects\AppiumSandbox\Test\Taurus\2022-01-19_15-45-36.282543\merged.json
[2022-01-19 15:45:36,311 DEBUG Engine.Configuration] Dumping JSON config into C:\Users\alfonso.de.cicco\PycharmProjects\AppiumSandbox\Test\Taurus\2022-01-19_15-45-36.282543\merged.json
[2022-01-19 15:45:36,312 DEBUG Engine] Add existing artifact (move=False): TaurusPythonTest.yml
[2022-01-19 15:45:36,312 DEBUG Engine] Copying TaurusPythonTest.yml to C:\Users\alfonso.de.cicco\PycharmProjects\AppiumSandbox\Test\Taurus\2022-01-19_15-45-36.282543\TaurusPythonTest.yml
[2022-01-19 15:45:36,315 DEBUG Engine] Set PYTHONPATH to :
	USER: 'C:\Users\alfonso.de.cicco\.bzt\python-packages\3.10.1' +
	TEMP: 'C:\Users\alfonso.de.cicco\PycharmProjects\AppiumSandbox\Test\Taurus\2022-01-19_15-45-36.282543\python-packages\3.10.1' +
	CURRENT: ''
[2022-01-19 15:45:36,316 DEBUG Engine] Content of user packages dir: ['apiritif', 'apiritif-1.0.0.dist-info', 'atomicwrites', 'atomicwrites-1.4.0.dist-info', 'attr', 'attrs', 'attrs-21.4.0.dist-info', 'bin', 'certifi', 'certifi-2021.10.8.dist-info', 'cffi', 'cffi-1.15.0.dist-info', 'chardet', 'chardet-4.0.0.dist-info', 'charset_normalizer', 'charset_normalizer-2.0.10.dist-info', 'colorama', 'colorama-0.4.4.dist-info', 'cryptography', 'cryptography-36.0.1.dist-info', 'cssselect', 'cssselect-1.1.0.dist-info', 'decorator-5.1.1.dist-info', 'decorator.py', 'execnet', 'execnet-1.9.0.dist-info', 'idna', 'idna-3.3.dist-info', 'iniconfig', 'iniconfig-1.1.1.dist-info', 'jsonpath_ng', 'jsonpath_ng-1.5.3.dist-info', 'lxml', 'lxml-4.7.1.dist-info', 'man', 'nose', 'nose-1.3.7.dist-info', 'OpenSSL', 'packaging', 'packaging-21.3.dist-info', 'pluggy', 'pluggy-1.0.0.dist-info', 'ply', 'ply-3.11.dist-info', 'py', 'py-1.11.0.dist-info', 'pycparser', 'pycparser-2.21.dist-info', 'pyOpenSSL-21.0.0.dist-info', 'pyparsing', 'pyparsing-3.0.6.dist-info', 'pytest', 'pytest-6.2.5.dist-info', 'pytest_forked', 'pytest_forked-1.4.0.dist-info', 'pytest_xdist-2.5.0.dist-info', 'requests', 'requests-2.27.1.dist-info', 'six-1.16.0.dist-info', 'six.py', 'toml', 'toml-0.10.2.dist-info', 'unicodecsv', 'unicodecsv-0.14.1.dist-info', 'urllib3', 'urllib3-1.26.8.dist-info', 'xdist', '_cffi_backend.cp310-win_amd64.pyd', '_pytest', '__pycache__']
[2022-01-19 15:45:36,318 DEBUG Engine] OS env: OBJC_DISABLE_INITIALIZE_FORK_SAFETY=YES
[2022-01-19 15:45:36,318 DEBUG Engine] OS env: TAURUS_ARTIFACTS_DIR=C:\Users\alfonso.de.cicco\PycharmProjects\AppiumSandbox\Test\Taurus\2022-01-19_15-45-36.282543
[2022-01-19 15:45:36,318 DEBUG root] Closing log handler: C:\Users\ALFONS~1.CIC\AppData\Local\Temp\bzt_1zno05ky.log
[2022-01-19 15:45:36,325 DEBUG root] Switched writing logs to C:\Users\alfonso.de.cicco\PycharmProjects\AppiumSandbox\Test\Taurus\2022-01-19_15-45-36.282543\bzt.log
[2022-01-19 15:45:36,325 DEBUG root] Linting config
[2022-01-19 15:45:36,329 INFO Engine] Preparing...
[2022-01-19 15:45:36,330 DEBUG Engine] Module config: consolidator {'class': 'bzt.modules.aggregator.ConsolidatingAggregator'}
[2022-01-19 15:45:36,330 DEBUG root] Importing module: bzt.modules.aggregator
[2022-01-19 15:45:37,776 DEBUG urllib3.connectionpool] https://gettaurus.org:443 "GET /updates/?version=1.15.2&installID=windows-48a4720946f5 HTTP/1.1" 200 39
[2022-01-19 15:45:37,776 DEBUG Engine] Taurus updates info: {'latest': '1.16.2', 'needsUpgrade': True}
[2022-01-19 15:45:37,777 WARNING Engine] There is newer version of Taurus 1.16.2 available, consider upgrading. What's new: http://gettaurus.org/docs/Changelog/
[2022-01-19 15:45:37,892 DEBUG root] Loading class: 'ConsolidatingAggregator' from <module 'bzt.modules.aggregator' from 'c:\\users\\alfonso.de.cicco\\pycharmprojects\\appiumsandbox\\venv\\lib\\site-packages\\bzt\\modules\\aggregator.py'>
[2022-01-19 15:45:37,892 DEBUG Engine.consolidator] Buffer scaling setup: percentile 95.0 from [0.0, 50.0, 90.0, 95.0, 99.0, 99.9, 100.0] selected
[2022-01-19 15:45:37,892 DEBUG Engine] Module config: monitoring {'class': 'bzt.modules.monitoring.Monitoring'}
[2022-01-19 15:45:37,892 DEBUG root] Importing module: bzt.modules.monitoring
[2022-01-19 15:45:37,897 DEBUG root] Loading class: 'Monitoring' from <module 'bzt.modules.monitoring' from 'c:\\users\\alfonso.de.cicco\\pycharmprojects\\appiumsandbox\\venv\\lib\\site-packages\\bzt\\modules\\monitoring.py'>
[2022-01-19 15:45:37,897 DEBUG Engine] Module config: local {'class': 'bzt.modules.provisioning.Local'}
[2022-01-19 15:45:37,897 DEBUG root] Importing module: bzt.modules.provisioning
[2022-01-19 15:45:37,897 DEBUG root] Loading class: 'Local' from <module 'bzt.modules.provisioning' from 'c:\\users\\alfonso.de.cicco\\pycharmprojects\\appiumsandbox\\venv\\lib\\site-packages\\bzt\\modules\\provisioning.py'>
[2022-01-19 15:45:37,898 DEBUG Engine] Module config: selenium {'class': 'bzt.modules.selenium.SeleniumExecutor'}
[2022-01-19 15:45:37,898 DEBUG root] Importing module: bzt.modules.selenium
[2022-01-19 15:45:37,900 DEBUG root] Loading class: 'SeleniumExecutor' from <module 'bzt.modules.selenium' from 'c:\\users\\alfonso.de.cicco\\pycharmprojects\\appiumsandbox\\venv\\lib\\site-packages\\bzt\\modules\\selenium.py'>
[2022-01-19 15:45:37,900 DEBUG Engine.local] Preparing executor: selenium/1999093169408
[2022-01-19 15:45:37,903 WARNING Engine] Could not find location at path: /Test/FirstTest.py
[2022-01-19 15:45:37,904 WARNING Engine] Could not find location at path: /Test/FirstTest.py
[2022-01-19 15:45:37,905 ERROR root] Config Error: Script '/Test/FirstTest.py' doesn't exist
[2022-01-19 15:45:37,924 DEBUG root] TaurusConfigError: Script '/Test/FirstTest.py' doesn't exist
  File "c:\users\alfonso.de.cicco\pycharmprojects\appiumsandbox\venv\lib\site-packages\bzt\cli.py", line 272, in perform
    self.engine.prepare()
  File "c:\users\alfonso.de.cicco\pycharmprojects\appiumsandbox\venv\lib\site-packages\bzt\engine\engine.py", line 217, in prepare
    self.__prepare_provisioning()
  File "c:\users\alfonso.de.cicco\pycharmprojects\appiumsandbox\venv\lib\site-packages\bzt\engine\engine.py", line 620, in __prepare_provisioning
    self.provisioning.prepare()
  File "c:\users\alfonso.de.cicco\pycharmprojects\appiumsandbox\venv\lib\site-packages\bzt\modules\provisioning.py", line 72, in prepare
    executor.prepare()
  File "c:\users\alfonso.de.cicco\pycharmprojects\appiumsandbox\venv\lib\site-packages\bzt\modules\selenium.py", line 121, in prepare
    self.create_runner()
  File "c:\users\alfonso.de.cicco\pycharmprojects\appiumsandbox\venv\lib\site-packages\bzt\modules\selenium.py", line 88, in create_runner
    runner_type = self.get_runner_type()
  File "c:\users\alfonso.de.cicco\pycharmprojects\appiumsandbox\venv\lib\site-packages\bzt\modules\selenium.py", line 137, in get_runner_type
    return self.detect_script_type(script_name)
  File "c:\users\alfonso.de.cicco\pycharmprojects\appiumsandbox\venv\lib\site-packages\bzt\modules\selenium.py", line 150, in detect_script_type
    raise TaurusConfigError("Script '%s' doesn't exist" % script_name)
[2022-01-19 15:45:37,924 INFO Engine] Post-processing...
[2022-01-19 15:45:37,925 DEBUG Engine.local] Post-process selenium/Modulazione
[2022-01-19 15:45:37,926 DEBUG Engine.local] Exception in post_process of SeleniumExecutor: 'NoneType' object has no attribute 'post_process' Traceback (most recent call last):
  File "c:\users\alfonso.de.cicco\pycharmprojects\appiumsandbox\venv\lib\site-packages\bzt\modules\provisioning.py", line 159, in post_process
    executor.post_process()
  File "c:\users\alfonso.de.cicco\pycharmprojects\appiumsandbox\venv\lib\site-packages\bzt\modules\selenium.py", line 219, in post_process
    self.runner.post_process()
AttributeError: 'NoneType' object has no attribute 'post_process'

[2022-01-19 15:45:37,941 DEBUG Engine] post_process: 'NoneType' object has no attribute 'post_process'
Traceback (most recent call last):
  File "c:\users\alfonso.de.cicco\pycharmprojects\appiumsandbox\venv\lib\site-packages\bzt\engine\engine.py", line 341, in post_process
    module.post_process()
  File "c:\users\alfonso.de.cicco\pycharmprojects\appiumsandbox\venv\lib\site-packages\bzt\modules\provisioning.py", line 176, in post_process
    reraise(exc_info, exc_value)
  File "c:\users\alfonso.de.cicco\pycharmprojects\appiumsandbox\venv\lib\site-packages\bzt\utils.py", line 103, in reraise
    raise exc
  File "c:\users\alfonso.de.cicco\pycharmprojects\appiumsandbox\venv\lib\site-packages\bzt\modules\provisioning.py", line 159, in post_process
    executor.post_process()
  File "c:\users\alfonso.de.cicco\pycharmprojects\appiumsandbox\venv\lib\site-packages\bzt\modules\selenium.py", line 219, in post_process
    self.runner.post_process()
AttributeError: 'NoneType' object has no attribute 'post_process'

[2022-01-19 15:45:37,941 DEBUG Engine.consolidator] Consolidator buffer[0]: dict_keys([])
[2022-01-19 15:45:37,943 DEBUG Engine.Configuration] Dumping YAML config into C:\Users\alfonso.de.cicco\PycharmProjects\AppiumSandbox\Test\Taurus\2022-01-19_15-45-36.282543\effective.yml
[2022-01-19 15:45:37,958 DEBUG Engine.Configuration] Dumping JSON config into C:\Users\alfonso.de.cicco\PycharmProjects\AppiumSandbox\Test\Taurus\2022-01-19_15-45-36.282543\effective.json
[2022-01-19 15:45:37,960 DEBUG root] AttributeError: 'NoneType' object has no attribute 'post_process'
  File "c:\users\alfonso.de.cicco\pycharmprojects\appiumsandbox\venv\lib\site-packages\bzt\cli.py", line 280, in perform
    self.engine.post_process()
  File "c:\users\alfonso.de.cicco\pycharmprojects\appiumsandbox\venv\lib\site-packages\bzt\engine\engine.py", line 355, in post_process
    reraise(exc_info, exc_value)
  File "c:\users\alfonso.de.cicco\pycharmprojects\appiumsandbox\venv\lib\site-packages\bzt\utils.py", line 103, in reraise
    raise exc
  File "c:\users\alfonso.de.cicco\pycharmprojects\appiumsandbox\venv\lib\site-packages\bzt\engine\engine.py", line 341, in post_process
    module.post_process()
  File "c:\users\alfonso.de.cicco\pycharmprojects\appiumsandbox\venv\lib\site-packages\bzt\modules\provisioning.py", line 176, in post_process
    reraise(exc_info, exc_value)
  File "c:\users\alfonso.de.cicco\pycharmprojects\appiumsandbox\venv\lib\site-packages\bzt\utils.py", line 103, in reraise
    raise exc
  File "c:\users\alfonso.de.cicco\pycharmprojects\appiumsandbox\venv\lib\site-packages\bzt\modules\provisioning.py", line 159, in post_process
    executor.post_process()
  File "c:\users\alfonso.de.cicco\pycharmprojects\appiumsandbox\venv\lib\site-packages\bzt\modules\selenium.py", line 219, in post_process
    self.runner.post_process()
[2022-01-19 15:45:37,961 INFO root] Artifacts dir: C:\Users\alfonso.de.cicco\PycharmProjects\AppiumSandbox\Test\Taurus\2022-01-19_15-45-36.282543
[2022-01-19 15:45:37,962 WARNING root] Done performing with code: 1
[2022-01-19 15:45:37,963 DEBUG root] Closing log handler: C:\Users\alfonso.de.cicco\PycharmProjects\AppiumSandbox\Test\Taurus\2022-01-19_15-45-36.282543\bzt.log
